feature/settings/build/intermediates/manifest_merge_blame_file/debug/processDebugManifest/manifest-merger-blame-debug-report.txt
1<?xml version="1.0" encoding="utf-8"?>
2<manifest xmlns:android="http://schemas.android.com/apk/res/android"
3    package="com.avozdedeus.avozdedeusjpc.settings" >
4
5    <uses-sdk android:minSdkVersion="30" />
6
7    <application>
7-->src\main\AndroidManifest.xml:2:5-7:19
8        <activity
8-->src\main\AndroidManifest.xml:3:9-6:58
9            android:name="com.avozdedeus.avozdedeusjpc.settings.ConfigActivity"
9-->src\main\AndroidManifest.xml:4:13-80
10            android:exported="false"
10-->src\main\AndroidManifest.xml:5:13-37
11            android:theme="@style/Theme.AVozDeDeusJPC" />
11-->src\main\AndroidManifest.xml:6:13-55
12    </application>
13
14</manifest>